Determining if the pthread_create exist failed with the following output:
Change Dir: /home/muyangren907/autoware/autoware.ai/1.12.0_cuda/build/autoware_bag_tools/CMakeFiles/CMakeTmp

Run Build Command:"/usr/bin/make" "cmTC_64dd7/fast"
/usr/bin/make -f CMakeFiles/cmTC_64dd7.dir/build.make CMakeFiles/cmTC_64dd7.dir/build
make[1]: Entering directory '/home/muyangren907/autoware/autoware.ai/1.12.0_cuda/build/autoware_bag_tools/CMakeFiles/CMakeTmp'
Building C object CMakeFiles/cmTC_64dd7.dir/CheckSymbolExists.c.o
/usr/bin/cc    -o CMakeFiles/cmTC_64dd7.dir/CheckSymbolExists.c.o   -c /home/muyangren907/autoware/autoware.ai/1.12.0_cuda/build/autoware_bag_tools/CMakeFiles/CMakeTmp/CheckSymbolExists.c
Linking C executable cmTC_64dd7
/usr/local/lib/python2.7/dist-packages/cmake/data/bin/cmake -E cmake_link_script CMakeFiles/cmTC_64dd7.dir/link.txt --verbose=1
/usr/bin/cc      -rdynamic CMakeFiles/cmTC_64dd7.dir/CheckSymbolExists.c.o  -o cmTC_64dd7 
CMakeFiles/cmTC_64dd7.dir/CheckSymbolExists.c.o: In function `main':
CheckSymbolExists.c:(.text+0x1b): undefined reference to `pthread_create'
collect2: error: ld returned 1 exit status
CMakeFiles/cmTC_64dd7.dir/build.make:86: recipe for target 'cmTC_64dd7' failed
make[1]: *** [cmTC_64dd7] Error 1
make[1]: Leaving directory '/home/muyangren907/autoware/autoware.ai/1.12.0_cuda/build/autoware_bag_tools/CMakeFiles/CMakeTmp'
Makefile:121: recipe for target 'cmTC_64dd7/fast' failed
make: *** [cmTC_64dd7/fast] Error 2

File /home/muyangren907/autoware/autoware.ai/1.12.0_cuda/build/autoware_bag_tools/CMakeFiles/CMakeTmp/CheckSymbolExists.c:
/* */
#include <pthread.h>

int main(int argc, char** argv)
{
  (void)argv;
#ifndef pthread_create
  return ((int*)(&pthread_create))[argc];
#else
  (void)argc;
  return 0;
#endif
}

Determining if the function pthread_create exists in the pthreads failed with the following output:
Change Dir: /home/muyangren907/autoware/autoware.ai/1.12.0_cuda/build/autoware_bag_tools/CMakeFiles/CMakeTmp

Run Build Command:"/usr/bin/make" "cmTC_12327/fast"
/usr/bin/make -f CMakeFiles/cmTC_12327.dir/build.make CMakeFiles/cmTC_12327.dir/build
make[1]: Entering directory '/home/muyangren907/autoware/autoware.ai/1.12.0_cuda/build/autoware_bag_tools/CMakeFiles/CMakeTmp'
Building C object CMakeFiles/cmTC_12327.dir/CheckFunctionExists.c.o
/usr/bin/cc   -DCHECK_FUNCTION_EXISTS=pthread_create   -o CMakeFiles/cmTC_12327.dir/CheckFunctionExists.c.o   -c /usr/local/lib/python2.7/dist-packages/cmake/data/share/cmake-3.12/Modules/CheckFunctionExists.c
Linking C executable cmTC_12327
/usr/local/lib/python2.7/dist-packages/cmake/data/bin/cmake -E cmake_link_script CMakeFiles/cmTC_12327.dir/link.txt --verbose=1
/usr/bin/cc  -DCHECK_FUNCTION_EXISTS=pthread_create    -rdynamic CMakeFiles/cmTC_12327.dir/CheckFunctionExists.c.o  -o cmTC_12327 -lpthreads 
/usr/bin/ld: cannot find -lpthreads
collect2: error: ld returned 1 exit status
CMakeFiles/cmTC_12327.dir/build.make:86: recipe for target 'cmTC_12327' failed
make[1]: *** [cmTC_12327] Error 1
make[1]: Leaving directory '/home/muyangren907/autoware/autoware.ai/1.12.0_cuda/build/autoware_bag_tools/CMakeFiles/CMakeTmp'
Makefile:121: recipe for target 'cmTC_12327/fast' failed
make: *** [cmTC_12327/fast] Error 2


