Determining if the pthread_create exist failed with the following output:
Change Dir: /home/muyangren907/autoware/autoware.ai/1.12.0_cuda/build/points_downsampler/CMakeFiles/CMakeTmp

Run Build Command:"/usr/bin/make" "cmTC_1d641/fast"
/usr/bin/make -f CMakeFiles/cmTC_1d641.dir/build.make CMakeFiles/cmTC_1d641.dir/build
make[1]: Entering directory '/home/muyangren907/autoware/autoware.ai/1.12.0_cuda/build/points_downsampler/CMakeFiles/CMakeTmp'
Building C object CMakeFiles/cmTC_1d641.dir/CheckSymbolExists.c.o
/usr/bin/cc    -o CMakeFiles/cmTC_1d641.dir/CheckSymbolExists.c.o   -c /home/muyangren907/autoware/autoware.ai/1.12.0_cuda/build/points_downsampler/CMakeFiles/CMakeTmp/CheckSymbolExists.c
Linking C executable cmTC_1d641
/usr/local/lib/python2.7/dist-packages/cmake/data/bin/cmake -E cmake_link_script CMakeFiles/cmTC_1d641.dir/link.txt --verbose=1
/usr/bin/cc      -rdynamic CMakeFiles/cmTC_1d641.dir/CheckSymbolExists.c.o  -o cmTC_1d641 
CMakeFiles/cmTC_1d641.dir/CheckSymbolExists.c.o: In function `main':
CheckSymbolExists.c:(.text+0x1b): undefined reference to `pthread_create'
collect2: error: ld returned 1 exit status
CMakeFiles/cmTC_1d641.dir/build.make:86: recipe for target 'cmTC_1d641' failed
make[1]: *** [cmTC_1d641] Error 1
make[1]: Leaving directory '/home/muyangren907/autoware/autoware.ai/1.12.0_cuda/build/points_downsampler/CMakeFiles/CMakeTmp'
Makefile:121: recipe for target 'cmTC_1d641/fast' failed
make: *** [cmTC_1d641/fast] Error 2

File /home/muyangren907/autoware/autoware.ai/1.12.0_cuda/build/points_downsampler/CMakeFiles/CMakeTmp/CheckSymbolExists.c:
/* */
#include <pthread.h>

int main(int argc, char** argv)
{
  (void)argv;
#ifndef pthread_create
  return ((int*)(&pthread_create))[argc];
#else
  (void)argc;
  return 0;
#endif
}

Determining if the function pthread_create exists in the pthreads failed with the following output:
Change Dir: /home/muyangren907/autoware/autoware.ai/1.12.0_cuda/build/points_downsampler/CMakeFiles/CMakeTmp

Run Build Command:"/usr/bin/make" "cmTC_3061d/fast"
/usr/bin/make -f CMakeFiles/cmTC_3061d.dir/build.make CMakeFiles/cmTC_3061d.dir/build
make[1]: Entering directory '/home/muyangren907/autoware/autoware.ai/1.12.0_cuda/build/points_downsampler/CMakeFiles/CMakeTmp'
Building C object CMakeFiles/cmTC_3061d.dir/CheckFunctionExists.c.o
/usr/bin/cc   -DCHECK_FUNCTION_EXISTS=pthread_create   -o CMakeFiles/cmTC_3061d.dir/CheckFunctionExists.c.o   -c /usr/local/lib/python2.7/dist-packages/cmake/data/share/cmake-3.12/Modules/CheckFunctionExists.c
Linking C executable cmTC_3061d
/usr/local/lib/python2.7/dist-packages/cmake/data/bin/cmake -E cmake_link_script CMakeFiles/cmTC_3061d.dir/link.txt --verbose=1
/usr/bin/cc  -DCHECK_FUNCTION_EXISTS=pthread_create    -rdynamic CMakeFiles/cmTC_3061d.dir/CheckFunctionExists.c.o  -o cmTC_3061d -lpthreads 
/usr/bin/ld: cannot find -lpthreads
collect2: error: ld returned 1 exit status
CMakeFiles/cmTC_3061d.dir/build.make:86: recipe for target 'cmTC_3061d' failed
make[1]: *** [cmTC_3061d] Error 1
make[1]: Leaving directory '/home/muyangren907/autoware/autoware.ai/1.12.0_cuda/build/points_downsampler/CMakeFiles/CMakeTmp'
Makefile:121: recipe for target 'cmTC_3061d/fast' failed
make: *** [cmTC_3061d/fast] Error 2


